														ATmega	0		low		high	LGT		0		low		high
delayMicroseconds(3);       // = 6 cycles
    2f0c:	82 e0       	ldi		r24, 0x03					1		1		1				1		1		1
    2f0e:	90 e0       	ldi		r25, 0x00					1		1		1				1		1		1
    2f10:	0e 94 0c 1a 	call	0x3418;<delayMicroseconds>	4		4		4				2		2		2


00003418 <delayMicroseconds>:
#elif F_CPU >= 7372800L
  __asm__ __volatile__ ("nop"); // just waiting 1 cycle
    3418:	00 00       	nop									1		1		1				1		1		1

  // for a 1, 2 and 3 microsecond delay, simply return. the overhead
  // of the function call takes 15 (17) cycles, which is 2 us
  if (us <= 3) return; // = 3 cycles, (4 when true)
    341a:	84 30       	cpi		r24, 0x04	; 4 			1		1		1				1		1		1
    341c:	91 05       	cpc		r25, r1			 			1		1		1				1		1		1
    341e:	80 f0       	brcs	.+32     	; 0x3440		2		1		1				2		1		1

    3420:	9c 01       	movw	r18, r24							1		1						1		1
  us <<= 1; //x2 us, = 2 cycles
    3422:	22 0f       	add		r18, r18							1		1						1		1
    3424:	33 1f       	adc		r19, r19							1		1						1		1

                       // +1 cycle (register save (r18,24))
  // user wants to wait longer than 7 us
  if (us > 15) // = 3 cycles
    3426:	20 31       	cpi		r18, 0x10	; 16					1		1						1		1
    3428:	31 05       	cpc		r19, r1								1		1						1		1
    342a:	58 f0       	brcs	.+22     	; 0x3442				2		1						2		1

    // since the loop is not accurately 1/2 of a microsecond we need
    // to multiply us by 0.9216 (7.3728 / 8)
    us = (us * 60398L) >> 16;   // x0.9216 us = 29 cycles (60398 = 0.9216 x 0x10000L)
    342c:	ae ee       	ldi		r26, 0xEE	; 238							1								1
    342e:	bb ee       	ldi		r27, 0xEB	; 235							1								1
    3430:	0e 94 4b 1e 	call	0x3c96	; 0x3c96 <__umulhisi3>				26								18

    3434:	9c 01       	movw	r18, r24									1								1

    // account for the time taken in the preceeding commands.
    // we just burned 52 (54) cycles above, remove 13, (13*4=52)
    // (50 cycles = 6.78 us) + (12 cycles = 1.63 us) = 8.41 us when 8 us wanted
    us -= 13; // = 2 cycles
    3436:	2d 50       	subi	r18, 0x0D	; 13							1								1
    3438:	31 09       	sbc		r19, r1										1								1


    343a:	c9 01       	movw	r24, r18							1		1						1		1
  // busy wait
  __asm__ __volatile__
    343c:	01 97       	sbiw	r24, 0x01	; 1
    343e:	f1 f7       	brne	.-4      	; 0x343c					4*r24-1							4*r24-1 (nop inserted)

  // return = 4 cycles
    3440:	08 95       	ret									4		4		4				2		2		2

												wasted cycles:	14		26		52				10		21		40

    // account for the time taken in the preceeding commands.
    // we just burned 26 (28) cycles above, remove 7, (7*4=28)

             // 1 cycle when if jump here
    us -= 7; // 2 cycles
    3442:	27 50       	subi	r18, 0x07	; 7 					1								1
    3444:	31 09       	sbc		r19, r1			 					1								1

             // 2 cycles to jump back to delay cycle.
    3446:	f9 cf       	rjmp	.-14     	; 0x343a				2								1
--------------------------------------------------------------------------------------------------------------------------------------
00003c96 <__umulhisi3>:
    3c96:	a2 9f       	mul		r26, r18									2								1
    3c98:	b0 01       	movw	r22, r0										1								1
    3c9a:	b3 9f       	mul		r27, r19									2								1
    3c9c:	c0 01       	movw	r24, r0										1								1
    3c9e:	a3 9f       	mul		r26, r19									2								1
    3ca0:	70 0d       	add		r23, r0										1								1
    3ca2:	81 1d       	adc		r24, r1										1								1
    3ca4:	11 24       	eor		r1,  r1										1								1
    3ca6:	91 1d       	adc		r25, r1										1								1
    3ca8:	b2 9f       	mul		r27, r18									2								1
    3caa:	70 0d       	add		r23, r0										1								1
    3cac:	81 1d       	adc		r24, r1										1								1
    3cae:	11 24       	eor		r1,  r1										1								1
    3cb0:	91 1d       	adc		r25, r1										1								1
    3cb2:	08 95       	ret													4								2
